<?xml version="1.0" encoding="UTF-8"?>
<testsuite xmlns:xsi="http://www.w3.org/2001/XMLSchema-instance" xsi:noNamespaceSchemaLocation="https://maven.apache.org/surefire/maven-surefire-plugin/xsd/surefire-test-report-3.0.xsd" version="3.0" name="io.github.sosuisen.jfxbuilder.controls.ListViewBuilderTest" time="5.2" tests="19" errors="0" skipped="0" failures="0">
  <properties>
    <property name="java.specification.version" value="23"/>
    <property name="javafx.runtime.version" value="24+29"/>
    <property name="sun.cpu.isalist" value="amd64"/>
    <property name="sun.jnu.encoding" value="MS932"/>
    <property name="java.class.path" value="F:\JavaFXProject\javafx-builder-api-generator\generated-api\24\controls\target\test-classes;F:\JavaFXProject\javafx-builder-api-generator\generated-api\24\controls\target\classes;C:\Users\hidek\.m2\repository\org\openjfx\javafx-controls\24\javafx-controls-24.jar;C:\Users\hidek\.m2\repository\org\openjfx\javafx-controls\24\javafx-controls-24-win.jar;C:\Users\hidek\.m2\repository\org\openjfx\javafx-graphics\24\javafx-graphics-24.jar;C:\Users\hidek\.m2\repository\org\openjfx\javafx-graphics\24\javafx-graphics-24-win.jar;C:\Users\hidek\.m2\repository\org\openjfx\javafx-base\24\javafx-base-24.jar;C:\Users\hidek\.m2\repository\org\openjfx\javafx-base\24\javafx-base-24-win.jar;C:\Users\hidek\.m2\repository\org\junit\jupiter\junit-jupiter-api\5.10.1\junit-jupiter-api-5.10.1.jar;C:\Users\hidek\.m2\repository\org\opentest4j\opentest4j\1.3.0\opentest4j-1.3.0.jar;C:\Users\hidek\.m2\repository\org\junit\platform\junit-platform-commons\1.10.1\junit-platform-commons-1.10.1.jar;C:\Users\hidek\.m2\repository\org\apiguardian\apiguardian-api\1.1.2\apiguardian-api-1.1.2.jar;C:\Users\hidek\.m2\repository\org\testfx\testfx-junit5\4.0.18\testfx-junit5-4.0.18.jar;C:\Users\hidek\.m2\repository\org\testfx\testfx-core\4.0.18\testfx-core-4.0.18.jar;C:\Users\hidek\.m2\repository\org\osgi\org.osgi.core\6.0.0\org.osgi.core-6.0.0.jar;C:\Users\hidek\.m2\repository\org\hamcrest\hamcrest\2.1\hamcrest-2.1.jar;C:\Users\hidek\.m2\repository\org\assertj\assertj-core\3.13.2\assertj-core-3.13.2.jar;"/>
    <property name="java.vm.vendor" value="Oracle Corporation"/>
    <property name="sun.arch.data.model" value="64"/>
    <property name="user.variant" value=""/>
    <property name="java.vendor.url" value="https://java.oracle.com/"/>
    <property name="user.timezone" value="Asia/Tokyo"/>
    <property name="javafx.version" value="24"/>
    <property name="os.name" value="Windows 11"/>
    <property name="java.vm.specification.version" value="23"/>
    <property name="sun.java.launcher" value="SUN_STANDARD"/>
    <property name="user.country" value="JP"/>
    <property name="sun.boot.library.path" value="C:\Users\hidek\.sdkman\candidates\java\current\bin"/>
    <property name="sun.java.command" value="C:\Users\hidek\AppData\Local\Temp\surefire3277003909302277331\surefirebooter-20250828211731955_3.jar C:\Users\hidek\AppData\Local\Temp\surefire3277003909302277331 2025-08-28T21-17-31_863-jvmRun1 surefire-20250828211731955_1tmp surefire_0-20250828211731955_2tmp"/>
    <property name="jdk.debug" value="release"/>
    <property name="surefire.test.class.path" value="F:\JavaFXProject\javafx-builder-api-generator\generated-api\24\controls\target\test-classes;F:\JavaFXProject\javafx-builder-api-generator\generated-api\24\controls\target\classes;C:\Users\hidek\.m2\repository\org\openjfx\javafx-controls\24\javafx-controls-24.jar;C:\Users\hidek\.m2\repository\org\openjfx\javafx-controls\24\javafx-controls-24-win.jar;C:\Users\hidek\.m2\repository\org\openjfx\javafx-graphics\24\javafx-graphics-24.jar;C:\Users\hidek\.m2\repository\org\openjfx\javafx-graphics\24\javafx-graphics-24-win.jar;C:\Users\hidek\.m2\repository\org\openjfx\javafx-base\24\javafx-base-24.jar;C:\Users\hidek\.m2\repository\org\openjfx\javafx-base\24\javafx-base-24-win.jar;C:\Users\hidek\.m2\repository\org\junit\jupiter\junit-jupiter-api\5.10.1\junit-jupiter-api-5.10.1.jar;C:\Users\hidek\.m2\repository\org\opentest4j\opentest4j\1.3.0\opentest4j-1.3.0.jar;C:\Users\hidek\.m2\repository\org\junit\platform\junit-platform-commons\1.10.1\junit-platform-commons-1.10.1.jar;C:\Users\hidek\.m2\repository\org\apiguardian\apiguardian-api\1.1.2\apiguardian-api-1.1.2.jar;C:\Users\hidek\.m2\repository\org\testfx\testfx-junit5\4.0.18\testfx-junit5-4.0.18.jar;C:\Users\hidek\.m2\repository\org\testfx\testfx-core\4.0.18\testfx-core-4.0.18.jar;C:\Users\hidek\.m2\repository\org\osgi\org.osgi.core\6.0.0\org.osgi.core-6.0.0.jar;C:\Users\hidek\.m2\repository\org\hamcrest\hamcrest\2.1\hamcrest-2.1.jar;C:\Users\hidek\.m2\repository\org\assertj\assertj-core\3.13.2\assertj-core-3.13.2.jar;"/>
    <property name="sun.cpu.endian" value="little"/>
    <property name="user.home" value="C:\Users\hidek"/>
    <property name="user.language" value="ja"/>
    <property name="java.specification.vendor" value="Oracle Corporation"/>
    <property name="java.version.date" value="2024-10-15"/>
    <property name="java.home" value="C:\Users\hidek\.sdkman\candidates\java\current"/>
    <property name="file.separator" value="\"/>
    <property name="basedir" value="F:\JavaFXProject\javafx-builder-api-generator\generated-api\24\controls"/>
    <property name="java.vm.compressedOopsMode" value="Zero based"/>
    <property name="line.separator" value="&#10;"/>
    <property name="java.vm.specification.vendor" value="Oracle Corporation"/>
    <property name="java.specification.name" value="Java Platform API Specification"/>
    <property name="surefire.real.class.path" value="C:\Users\hidek\AppData\Local\Temp\surefire3277003909302277331\surefirebooter-20250828211731955_3.jar"/>
    <property name="user.script" value=""/>
    <property name="sun.management.compiler" value="HotSpot 64-Bit Tiered Compilers"/>
    <property name="java.runtime.version" value="23.0.1+11-39"/>
    <property name="user.name" value="hidek"/>
    <property name="stdout.encoding" value="MS932"/>
    <property name="path.separator" value=";"/>
    <property name="os.version" value="10.0"/>
    <property name="java.runtime.name" value="OpenJDK Runtime Environment"/>
    <property name="file.encoding" value="UTF-8"/>
    <property name="java.vm.name" value="OpenJDK 64-Bit Server VM"/>
    <property name="localRepository" value="C:\Users\hidek\.m2\repository"/>
    <property name="java.vendor.url.bug" value="https://bugreport.java.com/bugreport/"/>
    <property name="java.io.tmpdir" value="C:\Users\hidek\AppData\Local\Temp\"/>
    <property name="java.version" value="23.0.1"/>
    <property name="user.dir" value="F:\JavaFXProject\javafx-builder-api-generator\generated-api\24\controls"/>
    <property name="os.arch" value="amd64"/>
    <property name="java.vm.specification.name" value="Java Virtual Machine Specification"/>
    <property name="sun.os.patch.level" value=""/>
    <property name="native.encoding" value="MS932"/>
    <property name="java.library.path" value="C:\Users\hidek\.sdkman\candidates\java\current\bin;C:\WINDOWS\Sun\Java\bin;C:\WINDOWS\system32;C:\WINDOWS;C:\Users\hidek\bin;C:\Program Files\Git\mingw64\bin;C:\Program Files\Git\usr\local\bin;C:\Program Files\Git\usr\bin;C:\Program Files\Git\usr\bin;C:\Program Files\Git\mingw64\bin;C:\Program Files\Git\usr\bin;C:\Users\hidek\bin;C:\Users\hidek\.sdkman\candidates\java\current\bin;D:\Oculus\Support\oculus-runtime;C:\Program Files\Volta;C:\Windows\system32;C:\Windows;C:\Windows\System32\Wbem;C:\Windows\System32\WindowsPowerShell\v1.0;C:\Windows\System32\OpenSSH;C:\Program Files (x86)\NVIDIA Corporation\PhysX\Common;C:\Program Files\Microsoft SQL Server\150\Tools\Binn;C:\Program Files\Microsoft SQL Server\Client SDK\ODBC\170\Tools\Binn;C:\Program Files\dotnet;C:\Program Files (x86)\Windows Kits\10\Windows Performance Toolkit;C:\Program Files\GitHub CLI;C:\Program Files\Docker\Docker\resources\bin;C:\ProgramData\ComposerSetup\bin;C:\xampp\php;D:\Programs\bottom\bin;C:\WINDOWS\system32;C:\WINDOWS;C:\WINDOWS\System32\Wbem;C:\WINDOWS\System32\WindowsPowerShell\v1.0;C:\WINDOWS\System32\OpenSSH;C:\Program Files\NVIDIA Corporation\NVIDIA app\NvDLISR;C:\PROGRA~1\JPKI;C:\Program Files\Git\cmd;C:\Program Files\Graphviz\bin;C:\Users\hidek\scoop\apps\ant\current\bin;C:\Users\hidek\scoop\shims;C:\Users\hidek\scoop\apps\python\current\Scripts;C:\Users\hidek\scoop\apps\python\current;C:\Users\hidek\scoop\apps\maven\current\bin;C:\Users\hidek\.local\bin;C:\Users\hidek\AppData\Local\Volta\bin;C:\Users\hidek\AppData\Local\Programs\Microsoft VS Code\bin;C:\Users\hidek\AppData\Local\Programs\Kiro\bin;C:\Users\hidek\.dotnet\tools;C:\wix314-binaries;C:\Program Files\Git\usr\bin\vendor_perl;C:\Program Files\Git\usr\bin\core_perl;."/>
    <property name="java.vm.info" value="mixed mode, sharing"/>
    <property name="stderr.encoding" value="MS932"/>
    <property name="java.vendor" value="Oracle Corporation"/>
    <property name="java.vm.version" value="23.0.1+11-39"/>
    <property name="sun.io.unicode.encoding" value="UnicodeLittle"/>
    <property name="java.class.version" value="67.0"/>
  </properties>
  <testcase name="shouldCreateListViewBuilderWithDefaultConstructor" classname="io.github.sosuisen.jfxbuilder.controls.ListViewBuilderTest" time="0.279"/>
  <testcase name="shouldAllowIndependentModificationOfMultipleInstances" classname="io.github.sosuisen.jfxbuilder.controls.ListViewBuilderTest" time="0.276"/>
  <testcase name="shouldHandleNullItemsGracefully" classname="io.github.sosuisen.jfxbuilder.controls.ListViewBuilderTest" time="0.272"/>
  <testcase name="shouldSetFixedCellSizeProperty" classname="io.github.sosuisen.jfxbuilder.controls.ListViewBuilderTest" time="0.273"/>
  <testcase name="shouldWorkWithDifferentGenericTypes" classname="io.github.sosuisen.jfxbuilder.controls.ListViewBuilderTest" time="0.271"/>
  <testcase name="shouldSetVisibleProperty" classname="io.github.sosuisen.jfxbuilder.controls.ListViewBuilderTest" time="0.276"/>
  <testcase name="shouldSetPlaceholderProperty" classname="io.github.sosuisen.jfxbuilder.controls.ListViewBuilderTest" time="0.273"/>
  <testcase name="shouldSetEditableProperty" classname="io.github.sosuisen.jfxbuilder.controls.ListViewBuilderTest" time="0.27"/>
  <testcase name="shouldSetId" classname="io.github.sosuisen.jfxbuilder.controls.ListViewBuilderTest" time="0.273"/>
  <testcase name="shouldSetOrientationProperty" classname="io.github.sosuisen.jfxbuilder.controls.ListViewBuilderTest" time="0.273"/>
  <testcase name="shouldCreateDifferentInstancesOnMultipleBuildCalls" classname="io.github.sosuisen.jfxbuilder.controls.ListViewBuilderTest" time="0.273"/>
  <testcase name="shouldApplyCustomConsumerFunction" classname="io.github.sosuisen.jfxbuilder.controls.ListViewBuilderTest" time="0.277"/>
  <testcase name="shouldSupportDelayedInitializationWithParameterizedConstructor" classname="io.github.sosuisen.jfxbuilder.controls.ListViewBuilderTest" time="0.27"/>
  <testcase name="shouldSetItemsProperty" classname="io.github.sosuisen.jfxbuilder.controls.ListViewBuilderTest" time="0.274"/>
  <testcase name="shouldSetStyle" classname="io.github.sosuisen.jfxbuilder.controls.ListViewBuilderTest" time="0.275"/>
  <testcase name="shouldCreateListViewBuilderWithItems" classname="io.github.sosuisen.jfxbuilder.controls.ListViewBuilderTest" time="0.274"/>
  <testcase name="shouldSetManagedProperty" classname="io.github.sosuisen.jfxbuilder.controls.ListViewBuilderTest" time="0.274"/>
  <testcase name="shouldSetSizeProperties" classname="io.github.sosuisen.jfxbuilder.controls.ListViewBuilderTest" time="0.274"/>
  <testcase name="shouldChainMultipleBuilderMethods" classname="io.github.sosuisen.jfxbuilder.controls.ListViewBuilderTest" time="0.272"/>
</testsuite>